=== Debug Log Started at 2025-05-29 14:14:25 ===
[2025-05-29 14:14:25] [0.91ms] [0.41KB] [cart.php:2] Debug system initialized
[2025-05-29 14:14:25] [5.37ms] [77.13KB] [cart.php:2] Bootstrap completed successfully
[2025-05-29 14:14:25] [6.81ms] [119.34KB] [Session.php:14] Session started successfully
[2025-05-29 14:14:25] [6.93ms] [119.3KB] [CsrfMiddleware.php:48] Session value set: csrf_token
[2025-05-29 14:14:25] [7.07ms] [119.72KB] [ComandaController.php:205] Helper view() called for: comandes.cart
[2025-05-29 14:14:25] [7.2ms] [119.73KB] [helpers.php:101] Starting view rendering for: comandes.cart
[2025-05-29 14:14:25] [7.32ms] [120.19KB] [Response.php:17] Flash value set: _previous_url
[2025-05-29 14:14:25] [7.48ms] [120.23KB] [helpers.php:101] Previous URL stored: /intermodular/public/comandes/cart.php
[2025-05-29 14:14:25] [7.62ms] [120.2KB] [helpers.php:101] Extracting data with keys: items, total
[2025-05-29 14:14:25] [7.75ms] [120.59KB] [helpers.php:101] Loading view content: comandes.cart
[2025-05-29 14:14:25] [7.88ms] [121.19KB] [Response.php:59] View Rendering [loadView]: comandes.cart | Context: {"data_keys":["items","total"],"memory":772408}
[2025-05-29 14:14:25] [8ms] [120.59KB] [Response.php:63] Getting view path for: comandes.cart
[2025-05-29 14:14:25] [8.11ms] [120.87KB] [Response.php:188] Helper project_path() called for: resources/views/, returning: D:/xampp/htdocs/Intermodular/resources/views/
[2025-05-29 14:14:25] [8.23ms] [120.7KB] [Response.php:63] Base path for views: D:/xampp/htdocs/Intermodular/resources/views/
[2025-05-29 14:14:25] [8.34ms] [120.71KB] [Response.php:63] Converted view path: comandes\cart
[2025-05-29 14:14:25] [9.07ms] [121.22KB] [Response.php:201] File Check: D:/xampp/htdocs/Intermodular/resources/views/comandes\cart.php | Context: {"exists":true,"readable":true}
[2025-05-29 14:14:25] [9.24ms] [120.85KB] [Response.php:63] Found PHP view file: D:/xampp/htdocs/Intermodular/resources/views/comandes\cart.php
[2025-05-29 14:14:25] [9.38ms] [120.73KB] [Response.php:29] View file path: D:/xampp/htdocs/Intermodular/resources/views/comandes\cart.php
[2025-05-29 14:14:25] [9.5ms] [121.02KB] [Response.php:29] Starting output buffering
[2025-05-29 14:14:25] [9.61ms] [137.26KB] [Response.php:29] Including view file: D:/xampp/htdocs/Intermodular/resources/views/comandes\cart.php
[2025-05-29 14:14:25] [10.08ms] [154.81KB] [message.php:15] Flash value retrieved and removed: success
[2025-05-29 14:14:25] [10.2ms] [154.81KB] [message.php:15] Flash value retrieved and removed: error
[2025-05-29 14:14:25] [10.3ms] [154.81KB] [message.php:15] Flash value retrieved and removed: warning
[2025-05-29 14:14:25] [10.42ms] [154.8KB] [message.php:15] Flash value retrieved and removed: info
[2025-05-29 14:14:25] [10.54ms] [143.06KB] [Response.php:29] View rendered successfully, content length: 8066
[2025-05-29 14:14:25] [10.65ms] [142.29KB] [helpers.php:101] View content loaded successfully, length: 8066
[2025-05-29 14:14:25] [10.77ms] [142.27KB] [Response.php:33] Getting view path for: layouts/app
[2025-05-29 14:14:25] [10.88ms] [142.55KB] [Response.php:188] Helper project_path() called for: resources/views/, returning: D:/xampp/htdocs/Intermodular/resources/views/
[2025-05-29 14:14:25] [10.98ms] [142.38KB] [Response.php:33] Base path for views: D:/xampp/htdocs/Intermodular/resources/views/
[2025-05-29 14:14:25] [11.1ms] [142.35KB] [Response.php:33] Converted view path: layouts/app
[2025-05-29 14:14:25] [11.61ms] [142.86KB] [Response.php:201] File Check: D:/xampp/htdocs/Intermodular/resources/views/layouts/app.php | Context: {"exists":true,"readable":true}
[2025-05-29 14:14:25] [11.78ms] [142.49KB] [Response.php:33] Found PHP view file: D:/xampp/htdocs/Intermodular/resources/views/layouts/app.php
[2025-05-29 14:14:25] [11.91ms] [142.41KB] [helpers.php:101] Using layout: D:/xampp/htdocs/Intermodular/resources/views/layouts/app.php
[2025-05-29 14:14:25] [12.15ms] [142.3KB] [helpers.php:101] Including layout file
[2025-05-29 14:14:25] [12.85ms] [160.91KB] [helpers.php:101] Layout included successfully
[2025-05-29 14:14:25] [12.97ms] [152.86KB] [ComandaController.php:205] Helper view() completed successfully for: comandes.cart
